<?xml version="1.0" encoding="UTF-8"?>
<!-- Generated by org.testng.reporters.JUnitReportReporter -->
<testsuite hostname="MANTRISAIKRISHNA" failures="0" tests="2" name="com.example.api.ApiTest" time="8.274" errors="0" timestamp="2025-04-09T14:45:37 EDT" skipped="0">
  <testcase classname="com.example.api.ApiTest" name="testAllPosts" time="8.110"/>
  <system-out/>
  <testcase classname="com.example.api.ApiTest" name="testGetRequest" time="0.164"/>
  <system-out/>
</testsuite> <!-- com.example.api.ApiTest -->
