<?xml version="1.0" encoding="UTF-8"?>
<!-- Generated by org.testng.reporters.JUnitReportReporter -->
<testsuite hostname="MANTRISAIKRISHNA" failures="0" tests="2" name="com.example.api.AdvancedApiTest" time="2.286" errors="0" timestamp="2025-04-09T16:00:43 EDT" skipped="0">
  <testcase classname="com.example.api.AdvancedApiTest" name="testAllPosts" time="2.147"/>
  <system-out/>
  <testcase classname="com.example.api.AdvancedApiTest" name="testPostRequest" time="0.139"/>
  <system-out/>
</testsuite> <!-- com.example.api.AdvancedApiTest -->
